<?xml version="1.0" encoding="UTF-8"?>
<!-- Generated by org.testng.reporters.JUnitReportReporter -->
<testsuite hostname="LAPTOP-CGVQ69C5" failures="0" tests="1" name="testngtest.XpathTest" time="6.834" errors="0" timestamp="2022-06-10T12:53:34 IST" skipped="0">
  <testcase classname="testngtest.XpathTest" name="xpathCheck" time="6.834"/>
  <system-out/>
</testsuite> <!-- testngtest.XpathTest -->
