<?xml version="1.0" encoding="UTF-8"?>
<!-- Generated by org.testng.reporters.JUnitReportReporter -->
<testsuite hostname="LAPTOP-CGVQ69C5" failures="0" tests="2" name="testngtest.Annotationstestng" time="0.006" errors="0" timestamp="2022-06-13T10:09:05 IST" skipped="0">
  <testcase classname="testngtest.Annotationstestng" name="a" time="0.004"/>
  <system-out/>
  <testcase classname="testngtest.Annotationstestng" name="b" time="0.002"/>
  <system-out/>
</testsuite> <!-- testngtest.Annotationstestng -->
