<?xml version="1.0" encoding="UTF-8"?>
<!-- Generated by org.testng.reporters.JUnitReportReporter -->
<testsuite hostname="LAPTOP-CGVQ69C5" failures="0" tests="2" name="testngtest.titleVerfication" time="0.079" errors="0" timestamp="2022-06-16T08:31:55 IST" skipped="0">
  <testcase classname="testngtest.titleVerfication" name="titlecheck" time="0.050"/>
  <system-out/>
  <testcase classname="testngtest.titleVerfication" name="urlcheck" time="0.029"/>
  <system-out/>
</testsuite> <!-- testngtest.titleVerfication -->
