<?xml version="1.0" encoding="UTF-8"?>
<!-- Generated by org.testng.reporters.JUnitReportReporter -->
<testsuite hostname="LAPTOP-CGVQ69C5" failures="0" tests="4" name="testngtest.TextVerify" time="30.804" errors="0" timestamp="2022-06-16T08:31:55 IST" skipped="1">
  <testcase classname="testngtest.TextVerify" name="CheckText" time="10.796"/>
  <system-out/>
  <testcase classname="testngtest.TextVerify" name="CheckText" time="10.023"/>
  <system-out/>
  <testcase classname="testngtest.TextVerify" name="CheckText" time="9.985"/>
  <system-out/>
  <testcase classname="testngtest.TextVerify" name="add">
    <skipped/>
  </testcase> <!-- add -->
  <system-out/>
</testsuite> <!-- testngtest.TextVerify -->
