<?xml version="1.0" encoding="UTF-8"?>
<!-- Generated by org.testng.reporters.JUnitReportReporter -->
<testsuite hostname="LAPTOP-CGVQ69C5" failures="0" tests="1" name="testngtest.RadioButton" time="16.573" errors="0" timestamp="2022-06-07T07:18:27 IST" skipped="0">
  <testcase classname="testngtest.RadioButton" name="radioCase" time="16.573"/>
  <system-out/>
</testsuite> <!-- testngtest.RadioButton -->
