<?xml version="1.0" encoding="UTF-8"?>
<!-- Generated by org.testng.reporters.JUnitReportReporter -->
<testsuite hostname="LAPTOP-CGVQ69C5" failures="0" tests="1" name="testngtest.IframeTest" time="15.382" errors="0" timestamp="2022-06-15T17:41:05 IST" skipped="0">
  <testcase classname="testngtest.IframeTest" name="iframeCheck" time="15.382"/>
  <system-out/>
</testsuite> <!-- testngtest.IframeTest -->
