<?xml version="1.0" encoding="UTF-8"?>
<!-- Generated by org.testng.reporters.JUnitReportReporter -->
<testsuite hostname="LAPTOP-CGVQ69C5" failures="0" tests="2" name="testngtest.Alert" time="40.090" errors="0" timestamp="2022-06-06T07:57:17 IST" skipped="0">
  <testcase classname="testngtest.Alert" name="alertTest2" time="24.938"/>
  <system-out/>
  <testcase classname="testngtest.Alert" name="alertTest3" time="15.152"/>
  <system-out/>
</testsuite> <!-- testngtest.Alert -->
