<?xml version="1.0" encoding="UTF-8"?>
<!-- Generated by org.testng.reporters.JUnitReportReporter -->
<testsuite hostname="LAPTOP-CGVQ69C5" failures="0" tests="1" name="testngtest.popupwindow$PopupWindow" time="5.664" errors="0" timestamp="2022-06-13T10:01:06 IST" skipped="0">
  <testcase classname="testngtest.popupwindow$PopupWindow" name="popupTest" time="5.664"/>
  <system-out/>
</testsuite> <!-- testngtest.popupwindow$PopupWindow -->
