<?xml version="1.0" encoding="UTF-8"?>
<!-- Generated by org.testng.reporters.JUnitReportReporter -->
<testsuite hostname="LAPTOP-CGVQ69C5" failures="0" tests="1" name="testngtest.CheckBox" time="10.154" errors="0" timestamp="2022-06-05T09:27:54 IST" skipped="0">
  <testcase classname="testngtest.CheckBox" name="checkBoxclick" time="10.154"/>
  <system-out/>
</testsuite> <!-- testngtest.CheckBox -->
