<?xml version="1.0" encoding="UTF-8"?>
<!-- Generated by org.testng.reporters.JUnitReportReporter -->
<testsuite hostname="LAPTOP-CGVQ69C5" failures="0" tests="1" name="RadioButton" time="16.012" errors="0" timestamp="2022-06-02T12:57:19 IST" skipped="0">
  <testcase classname="RadioButton" name="radioButtonCheck" time="16.012"/>
  <system-out/>
</testsuite> <!-- RadioButton -->
